<?xml version="1.0" encoding="UTF-8"?>
<!-- Generated by org.testng.reporters.JUnitXMLReporter -->
<testsuite hostname="robro-Lenovo-IdeaPad-S145-15IWL" ignored="0" name="Default test" tests="3" failures="0" timestamp="2020-08-18T01:06:44 IST" time="50.286" errors="0">
  <testcase name="myTest" time="15.63" classname="samplePackage.WebdriverDemo"/>
  <testcase name="myTest" time="17.31" classname="samplePackage.WebdriverDemo"/>
  <testcase name="myTest" time="16.86" classname="samplePackage.WebdriverDemo"/>
</testsuite> <!-- Default test -->
