<?xml version="1.0" encoding="UTF-8"?>
<testng-results skipped="0" failed="0" ignored="0" total="3" passed="3">
  <reporter-output>
  </reporter-output>
  <suite name="Default suite" duration-ms="50286" started-at="2020-08-18T01:05:54 IST" finished-at="2020-08-18T01:06:44 IST">
    <groups>
    </groups>
    <test name="Default test" duration-ms="50286" started-at="2020-08-18T01:05:54 IST" finished-at="2020-08-18T01:06:44 IST">
      <class name="samplePackage.WebdriverDemo">
        <test-method status="PASS" signature="setSystemPropertyDriver()[pri:0, instance:samplePackage.WebdriverDemo@711f39f9]" name="setSystemPropertyDriver" is-config="true" duration-ms="7" started-at="2020-08-18T01:05:54 IST" finished-at="2020-08-18T01:05:54 IST">
          <reporter-output>
          </reporter-output>
        </test-method> <!-- setSystemPropertyDriver -->
        <test-method status="PASS" signature="xlsxSheetInitialization()[pri:0, instance:samplePackage.WebdriverDemo@711f39f9]" name="xlsxSheetInitialization" is-config="true" duration-ms="435" started-at="2020-08-18T01:05:54 IST" finished-at="2020-08-18T01:05:54 IST">
          <reporter-output>
          </reporter-output>
        </test-method> <!-- xlsxSheetInitialization -->
        <test-method status="PASS" signature="myTest([Ljava.lang.Object;)[pri:0, instance:samplePackage.WebdriverDemo@711f39f9]" name="myTest" duration-ms="15630" started-at="2020-08-18T01:05:54 IST" data-provider="xlsxDataProvider" finished-at="2020-08-18T01:06:10 IST">
          <params>
            <param index="0">
              <value>
                <![CDATA[[Ljava.lang.Object;@7c041b41]]>
              </value>
            </param>
          </params>
          <reporter-output>
          </reporter-output>
        </test-method> <!-- myTest -->
        <test-method status="PASS" signature="myTest([Ljava.lang.Object;)[pri:0, instance:samplePackage.WebdriverDemo@711f39f9]" name="myTest" duration-ms="17310" started-at="2020-08-18T01:06:10 IST" data-provider="xlsxDataProvider" finished-at="2020-08-18T01:06:27 IST">
          <params>
            <param index="0">
              <value>
                <![CDATA[[Ljava.lang.Object;@7f69d591]]>
              </value>
            </param>
          </params>
          <reporter-output>
          </reporter-output>
        </test-method> <!-- myTest -->
        <test-method status="PASS" signature="myTest([Ljava.lang.Object;)[pri:0, instance:samplePackage.WebdriverDemo@711f39f9]" name="myTest" duration-ms="16860" started-at="2020-08-18T01:06:27 IST" data-provider="xlsxDataProvider" finished-at="2020-08-18T01:06:44 IST">
          <params>
            <param index="0">
              <value>
                <![CDATA[[Ljava.lang.Object;@61078690]]>
              </value>
            </param>
          </params>
          <reporter-output>
          </reporter-output>
        </test-method> <!-- myTest -->
      </class> <!-- samplePackage.WebdriverDemo -->
    </test> <!-- Default test -->
  </suite> <!-- Default suite -->
</testng-results>
